[INFO] 00:59:13:399 Coordinador/(6284:6284): ENCONTRO LOS DATOS DE CONFIG !!!
[INFO] 00:59:13:404 Coordinador/(6284:6284): Servidor conectado.
[INFO] 03:48:48:411 Coordinador/(4017:4017): ENCONTRO LOS DATOS DE CONFIG !!!
[INFO] 03:48:48:424 Coordinador/(4017:4017): Servidor conectado.
[INFO] 03:48:48:425 Coordinador/(4017:4017): Listo para escuchar a cualquier Cliente...
[INFO] 03:50:50:227 Coordinador/(4017:4197): Cliente conectado
[INFO] 03:50:50:238 Coordinador/(4017:4197): Esperando mensajes:

[INFO] 03:50:52:220 Coordinador/(4017:4017): Listo para escuchar a cualquier Cliente...
[INFO] 03:52:48:55 Coordinador/(4017:4469): Cliente conectado
[INFO] 03:52:48:64 Coordinador/(4017:4469): Esperando mensajes:

[INFO] 03:52:50:48 Coordinador/(4017:4017): Listo para escuchar a cualquier Cliente...
[INFO] 04:59:04:395 Coordinador/(7985:7985): ENCONTRO LOS DATOS DE CONFIG !!!
[INFO] 04:59:04:397 Coordinador/(7985:7985): Servidor conectado.
[INFO] 04:59:04:398 Coordinador/(7985:7985): Listo para escuchar a cualquier Cliente...
[INFO] 04:59:26:650 Coordinador/(7985:8018): Cliente conectado
[INFO] 04:59:26:652 Coordinador/(7985:8018): Esperando mensajes:

[INFO] 04:59:28:647 Coordinador/(7985:7985): Listo para escuchar a cualquier Cliente...
[INFO] 05:02:23:113 Coordinador/(7985:8244): Cliente conectado
[INFO] 05:02:23:114 Coordinador/(7985:8244): Esperando mensajes:

[INFO] 05:02:25:111 Coordinador/(7985:7985): Listo para escuchar a cualquier Cliente...
[INFO] 23:08:41:325 Coordinador/(4221:4221): Servidor conectado.
[INFO] 23:08:41:334 Coordinador/(4221:4221): Listo para escuchar a cualquier Cliente...
[INFO] 23:10:00:976 Coordinador/(4221:4291): Cliente conectado
[INFO] 23:10:00:978 Coordinador/(4221:4291): El cliente es una instancia.
[INFO] 23:10:02:971 Coordinador/(4221:4221): Listo para escuchar a cualquier Cliente...
[INFO] 23:12:26:745 Coordinador/(4221:4374): Cliente conectado
[INFO] 23:12:26:747 Coordinador/(4221:4374): El cliente es ESI.
[INFO] 23:12:28:737 Coordinador/(4221:4221): Listo para escuchar a cualquier Cliente...
[INFO] 23:20:59:185 Coordinador/(4570:4570): Servidor conectado.
[INFO] 23:20:59:186 Coordinador/(4570:4570): Listo para escuchar a cualquier Cliente...
[INFO] 23:21:24:268 Coordinador/(4570:4595): Cliente conectado
[INFO] 23:21:24:270 Coordinador/(4570:4595): El cliente es ESI.
[INFO] 23:21:26:261 Coordinador/(4570:4570): Listo para escuchar a cualquier Cliente...
[INFO] 23:27:29:709 Coordinador/(4734:4734): Servidor conectado.
[INFO] 23:27:29:710 Coordinador/(4734:4734): Listo para escuchar a cualquier Cliente...
[INFO] 23:27:49:799 Coordinador/(4734:4768): Cliente conectado
[INFO] 23:27:49:800 Coordinador/(4734:4768): El cliente es ESI.
[INFO] 23:27:51:794 Coordinador/(4734:4734): Listo para escuchar a cualquier Cliente...
[INFO] 23:27:54:498 Coordinador/(4734:4768): Recibo un paquete del ESI
